{"/Users/mingloanchan/Documents/github/RNStore/src/apis/api.js": {"path":"/Users/mingloanchan/Documents/github/RNStore/src/apis/api.js","statementMap":{"0":{"start":{"line":7,"column":2},"end":{"line":7,"column":73}},"1":{"start":{"line":8,"column":26},"end":{"line":8,"column":94}},"2":{"start":{"line":9,"column":28},"end":{"line":9,"column":68}},"3":{"start":{"line":18,"column":36},"end":{"line":29,"column":1}},"4":{"start":{"line":19,"column":2},"end":{"line":28,"column":3}},"5":{"start":{"line":20,"column":21},"end":{"line":20,"column":55}},"6":{"start":{"line":21,"column":17},"end":{"line":21,"column":38}},"7":{"start":{"line":22,"column":21},"end":{"line":22,"column":25}},"8":{"start":{"line":23,"column":22},"end":{"line":23,"column":26}},"9":{"start":{"line":24,"column":36},"end":{"line":24,"column":69}},"10":{"start":{"line":24,"column":51},"end":{"line":24,"column":68}},"11":{"start":{"line":25,"column":4},"end":{"line":25,"column":18}},"12":{"start":{"line":27,"column":4},"end":{"line":27,"column":21}},"13":{"start":{"line":31,"column":32},"end":{"line":42,"column":1}},"14":{"start":{"line":32,"column":2},"end":{"line":41,"column":3}},"15":{"start":{"line":33,"column":21},"end":{"line":33,"column":51}},"16":{"start":{"line":34,"column":17},"end":{"line":34,"column":38}},"17":{"start":{"line":35,"column":21},"end":{"line":35,"column":25}},"18":{"start":{"line":36,"column":22},"end":{"line":36,"column":26}},"19":{"start":{"line":37,"column":19},"end":{"line":37,"column":52}},"20":{"start":{"line":37,"column":34},"end":{"line":37,"column":51}},"21":{"start":{"line":38,"column":4},"end":{"line":38,"column":18}},"22":{"start":{"line":40,"column":4},"end":{"line":40,"column":21}},"23":{"start":{"line":44,"column":31},"end":{"line":57,"column":1}},"24":{"start":{"line":45,"column":2},"end":{"line":56,"column":3}},"25":{"start":{"line":46,"column":21},"end":{"line":46,"column":58}},"26":{"start":{"line":47,"column":17},"end":{"line":47,"column":38}},"27":{"start":{"line":48,"column":24},"end":{"line":48,"column":28}},"28":{"start":{"line":49,"column":85},"end":{"line":49,"column":95}},"29":{"start":{"line":50,"column":4},"end":{"line":53,"column":6}},"30":{"start":{"line":55,"column":4},"end":{"line":55,"column":21}},"31":{"start":{"line":59,"column":34},"end":{"line":68,"column":1}},"32":{"start":{"line":60,"column":2},"end":{"line":67,"column":4}},"33":{"start":{"line":63,"column":23},"end":{"line":63,"column":52}},"34":{"start":{"line":64,"column":8},"end":{"line":64,"column":37}}},"fnMap":{"0":{"name":"(anonymous_0)","decl":{"start":{"line":18,"column":36},"end":{"line":18,"column":37}},"loc":{"start":{"line":18,"column":65},"end":{"line":29,"column":1}},"line":18},"1":{"name":"(anonymous_1)","decl":{"start":{"line":24,"column":46},"end":{"line":24,"column":47}},"loc":{"start":{"line":24,"column":51},"end":{"line":24,"column":68}},"line":24},"2":{"name":"(anonymous_2)","decl":{"start":{"line":31,"column":32},"end":{"line":31,"column":33}},"loc":{"start":{"line":31,"column":61},"end":{"line":42,"column":1}},"line":31},"3":{"name":"(anonymous_3)","decl":{"start":{"line":37,"column":29},"end":{"line":37,"column":30}},"loc":{"start":{"line":37,"column":34},"end":{"line":37,"column":51}},"line":37},"4":{"name":"(anonymous_4)","decl":{"start":{"line":44,"column":31},"end":{"line":44,"column":32}},"loc":{"start":{"line":44,"column":80},"end":{"line":57,"column":1}},"line":44},"5":{"name":"(anonymous_5)","decl":{"start":{"line":59,"column":34},"end":{"line":59,"column":35}},"loc":{"start":{"line":59,"column":67},"end":{"line":68,"column":1}},"line":59},"6":{"name":"(anonymous_6)","decl":{"start":{"line":62,"column":6},"end":{"line":62,"column":7}},"loc":{"start":{"line":62,"column":41},"end":{"line":65,"column":7}},"line":62}},"branchMap":{"0":{"loc":{"start":{"line":51,"column":25},"end":{"line":51,"column":66}},"type":"binary-expr","locations":[{"start":{"line":51,"column":25},"end":{"line":51,"column":59}},{"start":{"line":51,"column":63},"end":{"line":51,"column":66}}],"line":51},"1":{"loc":{"start":{"line":52,"column":23},"end":{"line":52,"column":60}},"type":"binary-expr","locations":[{"start":{"line":52,"column":23},"end":{"line":52,"column":55}},{"start":{"line":52,"column":59},"end":{"line":52,"column":60}}],"line":52}},"s":{"0":2,"1":2,"2":2,"3":2,"4":1,"5":1,"6":0,"7":0,"8":0,"9":0,"10":0,"11":0,"12":1,"13":2,"14":1,"15":1,"16":0,"17":0,"18":0,"19":0,"20":0,"21":0,"22":1,"23":2,"24":0,"25":0,"26":0,"27":0,"28":0,"29":0,"30":0,"31":2,"32":0,"33":0,"34":0},"f":{"0":1,"1":0,"2":1,"3":0,"4":0,"5":0,"6":0},"b":{"0":[0,0],"1":[0,0]},"_coverageSchema":"43e27e138ebf9cfc5966b082cf9a028302ed4184","hash":"8553f71ff21b2728faaa0cce86e8d946c4cc0edc"}
,"/Users/mingloanchan/Documents/github/RNStore/src/components/AppActivityIndicator.component.js": {"path":"/Users/mingloanchan/Documents/github/RNStore/src/components/AppActivityIndicator.component.js","statementMap":{"0":{"start":{"line":7,"column":29},"end":{"line":9,"column":1}},"1":{"start":{"line":8,"column":2},"end":{"line":8,"column":82}}},"fnMap":{"0":{"name":"(anonymous_0)","decl":{"start":{"line":7,"column":29},"end":{"line":7,"column":30}},"loc":{"start":{"line":8,"column":2},"end":{"line":8,"column":82}},"line":8}},"branchMap":{},"s":{"0":1,"1":3},"f":{"0":3},"b":{},"_coverageSchema":"43e27e138ebf9cfc5966b082cf9a028302ed4184","hash":"8a24168c5af783bb8bc332164a1710cfa3a42957"}
,"/Users/mingloanchan/Documents/github/RNStore/src/components/AppItem.component.js": {"path":"/Users/mingloanchan/Documents/github/RNStore/src/components/AppItem.component.js","statementMap":{"0":{"start":{"line":14,"column":16},"end":{"line":36,"column":1}},"1":{"start":{"line":15,"column":2},"end":{"line":35,"column":21}}},"fnMap":{"0":{"name":"(anonymous_0)","decl":{"start":{"line":14,"column":16},"end":{"line":14,"column":17}},"loc":{"start":{"line":15,"column":2},"end":{"line":35,"column":21}},"line":15},"1":{"name":"(anonymous_1)","decl":{"start":{"line":15,"column":74},"end":{"line":15,"column":75}},"loc":{"start":{"line":15,"column":80},"end":{"line":15,"column":82}},"line":15}},"branchMap":{"0":{"loc":{"start":{"line":18,"column":13},"end":{"line":18,"column":69}},"type":"cond-expr","locations":[{"start":{"line":18,"column":31},"end":{"line":18,"column":49}},{"start":{"line":18,"column":52},"end":{"line":18,"column":69}}],"line":18}},"s":{"0":1,"1":0},"f":{"0":0,"1":0},"b":{"0":[0,0]},"_coverageSchema":"43e27e138ebf9cfc5966b082cf9a028302ed4184","hash":"1b62751fe0e5bd2150620f92ec6a95be03614ce9"}
,"/Users/mingloanchan/Documents/github/RNStore/src/components/EmptyView.component.js": {"path":"/Users/mingloanchan/Documents/github/RNStore/src/components/EmptyView.component.js","statementMap":{"0":{"start":{"line":7,"column":18},"end":{"line":13,"column":1}},"1":{"start":{"line":8,"column":2},"end":{"line":12,"column":9}}},"fnMap":{"0":{"name":"(anonymous_0)","decl":{"start":{"line":7,"column":18},"end":{"line":7,"column":19}},"loc":{"start":{"line":8,"column":2},"end":{"line":12,"column":9}},"line":8}},"branchMap":{},"s":{"0":1,"1":0},"f":{"0":0},"b":{},"_coverageSchema":"43e27e138ebf9cfc5966b082cf9a028302ed4184","hash":"58efbd4d3afabb9e882aae6607b14f966311fcd2"}
,"/Users/mingloanchan/Documents/github/RNStore/src/components/InfiniteList.component.js": {"path":"/Users/mingloanchan/Documents/github/RNStore/src/components/InfiniteList.component.js","statementMap":{"0":{"start":{"line":16,"column":31},"end":{"line":18,"column":1}},"1":{"start":{"line":17,"column":2},"end":{"line":17,"column":50}},"2":{"start":{"line":20,"column":28},"end":{"line":22,"column":1}},"3":{"start":{"line":21,"column":2},"end":{"line":21,"column":47}},"4":{"start":{"line":24,"column":21},"end":{"line":38,"column":1}},"5":{"start":{"line":25,"column":2},"end":{"line":37,"column":4}},"6":{"start":{"line":34,"column":26},"end":{"line":34,"column":33}}},"fnMap":{"0":{"name":"(anonymous_0)","decl":{"start":{"line":16,"column":31},"end":{"line":16,"column":32}},"loc":{"start":{"line":16,"column":43},"end":{"line":18,"column":1}},"line":16},"1":{"name":"(anonymous_1)","decl":{"start":{"line":20,"column":28},"end":{"line":20,"column":29}},"loc":{"start":{"line":20,"column":40},"end":{"line":22,"column":1}},"line":20},"2":{"name":"(anonymous_2)","decl":{"start":{"line":24,"column":21},"end":{"line":24,"column":22}},"loc":{"start":{"line":25,"column":2},"end":{"line":37,"column":4}},"line":25},"3":{"name":"(anonymous_3)","decl":{"start":{"line":34,"column":18},"end":{"line":34,"column":19}},"loc":{"start":{"line":34,"column":26},"end":{"line":34,"column":33}},"line":34}},"branchMap":{},"s":{"0":1,"1":4,"2":1,"3":0,"4":1,"5":2,"6":4},"f":{"0":4,"1":0,"2":2,"3":4},"b":{},"_coverageSchema":"43e27e138ebf9cfc5966b082cf9a028302ed4184","hash":"84caf9dd05a5fefc9dc7aa7183fa5976d2ed5ff0"}
,"/Users/mingloanchan/Documents/github/RNStore/src/components/RecommendAppItem.component.js": {"path":"/Users/mingloanchan/Documents/github/RNStore/src/components/RecommendAppItem.component.js","statementMap":{"0":{"start":{"line":12,"column":25},"end":{"line":22,"column":1}},"1":{"start":{"line":13,"column":2},"end":{"line":21,"column":21}}},"fnMap":{"0":{"name":"(anonymous_0)","decl":{"start":{"line":12,"column":25},"end":{"line":12,"column":26}},"loc":{"start":{"line":13,"column":2},"end":{"line":21,"column":21}},"line":13},"1":{"name":"(anonymous_1)","decl":{"start":{"line":13,"column":74},"end":{"line":13,"column":75}},"loc":{"start":{"line":13,"column":80},"end":{"line":13,"column":82}},"line":13}},"branchMap":{},"s":{"0":1,"1":0},"f":{"0":0,"1":0},"b":{},"_coverageSchema":"43e27e138ebf9cfc5966b082cf9a028302ed4184","hash":"83bd801867c3b133c231bff6c2d3ac965474966e"}
,"/Users/mingloanchan/Documents/github/RNStore/src/components/RecommendList.component.js": {"path":"/Users/mingloanchan/Documents/github/RNStore/src/components/RecommendList.component.js","statementMap":{"0":{"start":{"line":15,"column":22},"end":{"line":30,"column":1}},"1":{"start":{"line":16,"column":2},"end":{"line":29,"column":9}},"2":{"start":{"line":26,"column":30},"end":{"line":26,"column":37}}},"fnMap":{"0":{"name":"(anonymous_0)","decl":{"start":{"line":15,"column":22},"end":{"line":15,"column":23}},"loc":{"start":{"line":16,"column":2},"end":{"line":29,"column":9}},"line":16},"1":{"name":"(anonymous_1)","decl":{"start":{"line":26,"column":22},"end":{"line":26,"column":23}},"loc":{"start":{"line":26,"column":30},"end":{"line":26,"column":37}},"line":26}},"branchMap":{"0":{"loc":{"start":{"line":18,"column":5},"end":{"line":28,"column":5}},"type":"cond-expr","locations":[{"start":{"line":19,"column":6},"end":{"line":19,"column":30}},{"start":{"line":21,"column":6},"end":{"line":27,"column":8}}],"line":18}},"s":{"0":1,"1":2,"2":0},"f":{"0":2,"1":0},"b":{"0":[1,1]},"_coverageSchema":"43e27e138ebf9cfc5966b082cf9a028302ed4184","hash":"175bb4c0d28549e9ac73f1ce5cf1fed9aea80e1e"}
,"/Users/mingloanchan/Documents/github/RNStore/src/components/SearchContext.component.js": {"path":"/Users/mingloanchan/Documents/github/RNStore/src/components/SearchContext.component.js","statementMap":{"0":{"start":{"line":29,"column":36},"end":{"line":29,"column":46}},"1":{"start":{"line":30,"column":4},"end":{"line":30,"column":34}},"2":{"start":{"line":31,"column":4},"end":{"line":31,"column":36}},"3":{"start":{"line":35,"column":44},"end":{"line":35,"column":54}},"4":{"start":{"line":36,"column":27},"end":{"line":36,"column":37}},"5":{"start":{"line":37,"column":4},"end":{"line":52,"column":6}}},"fnMap":{"0":{"name":"(anonymous_0)","decl":{"start":{"line":28,"column":17},"end":{"line":28,"column":18}},"loc":{"start":{"line":28,"column":41},"end":{"line":32,"column":3}},"line":28},"1":{"name":"(anonymous_1)","decl":{"start":{"line":34,"column":2},"end":{"line":34,"column":3}},"loc":{"start":{"line":34,"column":11},"end":{"line":53,"column":3}},"line":34}},"branchMap":{},"s":{"0":0,"1":0,"2":0,"3":2,"4":2,"5":2},"f":{"0":0,"1":2},"b":{},"_coverageSchema":"43e27e138ebf9cfc5966b082cf9a028302ed4184","hash":"9846082857391eca0151f44ea367973964b4f638"}
,"/Users/mingloanchan/Documents/github/RNStore/src/containers/AppLandingScreen.js": {"path":"/Users/mingloanchan/Documents/github/RNStore/src/containers/AppLandingScreen.js","statementMap":{"0":{"start":{"line":25,"column":4},"end":{"line":25,"column":32}},"1":{"start":{"line":26,"column":4},"end":{"line":26,"column":28}},"2":{"start":{"line":30,"column":21},"end":{"line":30,"column":31}},"3":{"start":{"line":31,"column":47},"end":{"line":31,"column":51}},"4":{"start":{"line":32,"column":4},"end":{"line":36,"column":5}},"5":{"start":{"line":33,"column":26},"end":{"line":33,"column":36}},"6":{"start":{"line":34,"column":33},"end":{"line":34,"column":40}},"7":{"start":{"line":35,"column":6},"end":{"line":35,"column":23}},"8":{"start":{"line":41,"column":26},"end":{"line":41,"column":36}},"9":{"start":{"line":42,"column":38},"end":{"line":42,"column":45}},"10":{"start":{"line":43,"column":6},"end":{"line":43,"column":38}},"11":{"start":{"line":50,"column":24},"end":{"line":50,"column":34}},"12":{"start":{"line":51,"column":35},"end":{"line":51,"column":42}},"13":{"start":{"line":52,"column":4},"end":{"line":52,"column":25}},"14":{"start":{"line":56,"column":24},"end":{"line":56,"column":34}},"15":{"start":{"line":57,"column":31},"end":{"line":57,"column":38}},"16":{"start":{"line":58,"column":4},"end":{"line":58,"column":21}},"17":{"start":{"line":61,"column":50},"end":{"line":61,"column":99}},"18":{"start":{"line":64,"column":4},"end":{"line":64,"column":48}},"19":{"start":{"line":68,"column":21},"end":{"line":68,"column":31}},"20":{"start":{"line":69,"column":35},"end":{"line":69,"column":39}},"21":{"start":{"line":70,"column":4},"end":{"line":72,"column":5}},"22":{"start":{"line":71,"column":6},"end":{"line":71,"column":38}},"23":{"start":{"line":73,"column":4},"end":{"line":73,"column":16}},"24":{"start":{"line":77,"column":21},"end":{"line":77,"column":31}},"25":{"start":{"line":86,"column":8},"end":{"line":86,"column":12}},"26":{"start":{"line":87,"column":42},"end":{"line":93,"column":5}},"27":{"start":{"line":88,"column":6},"end":{"line":92,"column":8}},"28":{"start":{"line":94,"column":21},"end":{"line":94,"column":48}},"29":{"start":{"line":96,"column":30},"end":{"line":101,"column":5}},"30":{"start":{"line":102,"column":30},"end":{"line":106,"column":5}},"31":{"start":{"line":107,"column":37},"end":{"line":107,"column":39}},"32":{"start":{"line":108,"column":4},"end":{"line":112,"column":5}},"33":{"start":{"line":111,"column":6},"end":{"line":111,"column":30}},"34":{"start":{"line":113,"column":4},"end":{"line":117,"column":5}},"35":{"start":{"line":116,"column":6},"end":{"line":116,"column":30}},"36":{"start":{"line":119,"column":4},"end":{"line":132,"column":6}},"37":{"start":{"line":136,"column":24},"end":{"line":139,"column":1}},"38":{"start":{"line":137,"column":19},"end":{"line":137,"column":24}},"39":{"start":{"line":138,"column":2},"end":{"line":138,"column":18}},"40":{"start":{"line":141,"column":27},"end":{"line":145,"column":1}},"41":{"start":{"line":142,"column":2},"end":{"line":144,"column":4}}},"fnMap":{"0":{"name":"(anonymous_0)","decl":{"start":{"line":24,"column":2},"end":{"line":24,"column":3}},"loc":{"start":{"line":24,"column":22},"end":{"line":27,"column":3}},"line":24},"1":{"name":"(anonymous_1)","decl":{"start":{"line":29,"column":17},"end":{"line":29,"column":18}},"loc":{"start":{"line":29,"column":23},"end":{"line":37,"column":3}},"line":29},"2":{"name":"(anonymous_2)","decl":{"start":{"line":40,"column":4},"end":{"line":40,"column":5}},"loc":{"start":{"line":40,"column":18},"end":{"line":44,"column":5}},"line":40},"3":{"name":"(anonymous_3)","decl":{"start":{"line":49,"column":25},"end":{"line":49,"column":26}},"loc":{"start":{"line":49,"column":31},"end":{"line":53,"column":3}},"line":49},"4":{"name":"(anonymous_4)","decl":{"start":{"line":55,"column":21},"end":{"line":55,"column":22}},"loc":{"start":{"line":55,"column":27},"end":{"line":59,"column":3}},"line":55},"5":{"name":"(anonymous_5)","decl":{"start":{"line":61,"column":18},"end":{"line":61,"column":19}},"loc":{"start":{"line":61,"column":50},"end":{"line":61,"column":99}},"line":61},"6":{"name":"(anonymous_6)","decl":{"start":{"line":63,"column":24},"end":{"line":63,"column":25}},"loc":{"start":{"line":64,"column":4},"end":{"line":64,"column":48}},"line":64},"7":{"name":"(anonymous_7)","decl":{"start":{"line":67,"column":24},"end":{"line":67,"column":25}},"loc":{"start":{"line":67,"column":48},"end":{"line":74,"column":3}},"line":67},"8":{"name":"(anonymous_8)","decl":{"start":{"line":76,"column":2},"end":{"line":76,"column":3}},"loc":{"start":{"line":76,"column":11},"end":{"line":133,"column":3}},"line":76},"9":{"name":"(anonymous_9)","decl":{"start":{"line":87,"column":42},"end":{"line":87,"column":43}},"loc":{"start":{"line":88,"column":6},"end":{"line":92,"column":8}},"line":88},"10":{"name":"(anonymous_10)","decl":{"start":{"line":136,"column":24},"end":{"line":136,"column":25}},"loc":{"start":{"line":136,"column":42},"end":{"line":139,"column":1}},"line":136},"11":{"name":"(anonymous_11)","decl":{"start":{"line":141,"column":27},"end":{"line":141,"column":28}},"loc":{"start":{"line":141,"column":51},"end":{"line":145,"column":1}},"line":141}},"branchMap":{"0":{"loc":{"start":{"line":32,"column":4},"end":{"line":36,"column":5}},"type":"if","locations":[{"start":{"line":32,"column":4},"end":{"line":36,"column":5}},{"start":{"line":32,"column":4},"end":{"line":36,"column":5}}],"line":32},"1":{"loc":{"start":{"line":32,"column":8},"end":{"line":32,"column":42}},"type":"binary-expr","locations":[{"start":{"line":32,"column":8},"end":{"line":32,"column":26}},{"start":{"line":32,"column":30},"end":{"line":32,"column":42}}],"line":32},"2":{"loc":{"start":{"line":70,"column":4},"end":{"line":72,"column":5}},"type":"if","locations":[{"start":{"line":70,"column":4},"end":{"line":72,"column":5}},{"start":{"line":70,"column":4},"end":{"line":72,"column":5}}],"line":70},"3":{"loc":{"start":{"line":70,"column":8},"end":{"line":70,"column":58}},"type":"binary-expr","locations":[{"start":{"line":70,"column":8},"end":{"line":70,"column":20}},{"start":{"line":70,"column":24},"end":{"line":70,"column":43}},{"start":{"line":70,"column":47},"end":{"line":70,"column":58}}],"line":70},"4":{"loc":{"start":{"line":90,"column":14},"end":{"line":90,"column":71}},"type":"cond-expr","locations":[{"start":{"line":90,"column":28},"end":{"line":90,"column":53}},{"start":{"line":90,"column":56},"end":{"line":90,"column":71}}],"line":90},"5":{"loc":{"start":{"line":105,"column":12},"end":{"line":105,"column":58}},"type":"cond-expr","locations":[{"start":{"line":105,"column":26},"end":{"line":105,"column":47}},{"start":{"line":105,"column":50},"end":{"line":105,"column":58}}],"line":105},"6":{"loc":{"start":{"line":108,"column":4},"end":{"line":112,"column":5}},"type":"if","locations":[{"start":{"line":108,"column":4},"end":{"line":112,"column":5}},{"start":{"line":108,"column":4},"end":{"line":112,"column":5}}],"line":108},"7":{"loc":{"start":{"line":108,"column":8},"end":{"line":108,"column":61}},"type":"binary-expr","locations":[{"start":{"line":108,"column":8},"end":{"line":108,"column":19}},{"start":{"line":108,"column":23},"end":{"line":108,"column":61}}],"line":108},"8":{"loc":{"start":{"line":113,"column":4},"end":{"line":117,"column":5}},"type":"if","locations":[{"start":{"line":113,"column":4},"end":{"line":117,"column":5}},{"start":{"line":113,"column":4},"end":{"line":117,"column":5}}],"line":113},"9":{"loc":{"start":{"line":113,"column":8},"end":{"line":113,"column":57}},"type":"binary-expr","locations":[{"start":{"line":113,"column":8},"end":{"line":113,"column":19}},{"start":{"line":113,"column":23},"end":{"line":113,"column":57}}],"line":113},"10":{"loc":{"start":{"line":121,"column":9},"end":{"line":130,"column":9}},"type":"cond-expr","locations":[{"start":{"line":122,"column":10},"end":{"line":122,"column":23}},{"start":{"line":124,"column":10},"end":{"line":129,"column":12}}],"line":121}},"s":{"0":1,"1":1,"2":0,"3":0,"4":0,"5":0,"6":0,"7":0,"8":0,"9":0,"10":0,"11":1,"12":1,"13":1,"14":1,"15":1,"16":1,"17":0,"18":0,"19":4,"20":4,"21":4,"22":2,"23":2,"24":2,"25":2,"26":2,"27":2,"28":2,"29":2,"30":2,"31":2,"32":2,"33":2,"34":2,"35":2,"36":2,"37":1,"38":2,"39":2,"40":1,"41":1},"f":{"0":1,"1":0,"2":0,"3":1,"4":1,"5":0,"6":0,"7":4,"8":2,"9":2,"10":2,"11":1},"b":{"0":[0,0],"1":[0,0],"2":[2,2],"3":[4,4,2],"4":[0,2],"5":[0,2],"6":[0,2],"7":[2,0],"8":[0,2],"9":[2,0],"10":[0,2]},"_coverageSchema":"43e27e138ebf9cfc5966b082cf9a028302ed4184","hash":"9ba5eafb4ee7aa20b9470f323b2f6830249623e7"}
,"/Users/mingloanchan/Documents/github/RNStore/src/dataModels/appModel.js": {"path":"/Users/mingloanchan/Documents/github/RNStore/src/dataModels/appModel.js","statementMap":{"0":{"start":{"line":5,"column":30},"end":{"line":20,"column":1}},"1":{"start":{"line":6,"column":26},"end":{"line":18,"column":3}},"2":{"start":{"line":19,"column":2},"end":{"line":19,"column":15}},"3":{"start":{"line":22,"column":27},"end":{"line":32,"column":1}},"4":{"start":{"line":23,"column":25},"end":{"line":30,"column":4}},"5":{"start":{"line":24,"column":4},"end":{"line":29,"column":6}},"6":{"start":{"line":31,"column":2},"end":{"line":31,"column":24}}},"fnMap":{"0":{"name":"(anonymous_0)","decl":{"start":{"line":5,"column":30},"end":{"line":5,"column":31}},"loc":{"start":{"line":5,"column":66},"end":{"line":20,"column":1}},"line":5},"1":{"name":"(anonymous_1)","decl":{"start":{"line":22,"column":27},"end":{"line":22,"column":28}},"loc":{"start":{"line":22,"column":90},"end":{"line":32,"column":1}},"line":22},"2":{"name":"(anonymous_2)","decl":{"start":{"line":23,"column":39},"end":{"line":23,"column":40}},"loc":{"start":{"line":23,"column":59},"end":{"line":30,"column":3}},"line":23}},"branchMap":{"0":{"loc":{"start":{"line":25,"column":6},"end":{"line":28,"column":35}},"type":"binary-expr","locations":[{"start":{"line":25,"column":6},"end":{"line":25,"column":33}},{"start":{"line":26,"column":6},"end":{"line":26,"column":37}},{"start":{"line":27,"column":6},"end":{"line":27,"column":36}},{"start":{"line":28,"column":6},"end":{"line":28,"column":35}}],"line":25}},"s":{"0":2,"1":0,"2":0,"3":2,"4":0,"5":0,"6":0},"f":{"0":0,"1":0,"2":0},"b":{"0":[0,0,0,0]},"_coverageSchema":"43e27e138ebf9cfc5966b082cf9a028302ed4184","hash":"6445fa40dc381b4017dca9622d0e6d486e4b5734"}
,"/Users/mingloanchan/Documents/github/RNStore/src/redux/actions/appActions.js": {"path":"/Users/mingloanchan/Documents/github/RNStore/src/redux/actions/appActions.js","statementMap":{"0":{"start":{"line":7,"column":41},"end":{"line":7,"column":68}},"1":{"start":{"line":8,"column":46},"end":{"line":8,"column":78}},"2":{"start":{"line":9,"column":45},"end":{"line":9,"column":76}},"3":{"start":{"line":10,"column":37},"end":{"line":10,"column":60}},"4":{"start":{"line":11,"column":42},"end":{"line":11,"column":70}},"5":{"start":{"line":12,"column":41},"end":{"line":12,"column":68}},"6":{"start":{"line":13,"column":27},"end":{"line":13,"column":40}},"7":{"start":{"line":14,"column":35},"end":{"line":14,"column":56}},"8":{"start":{"line":19,"column":38},"end":{"line":21,"column":2}},"9":{"start":{"line":19,"column":53},"end":{"line":21,"column":1}},"10":{"start":{"line":23,"column":46},"end":{"line":26,"column":2}},"11":{"start":{"line":23,"column":89},"end":{"line":26,"column":1}},"12":{"start":{"line":28,"column":43},"end":{"line":31,"column":2}},"13":{"start":{"line":28,"column":71},"end":{"line":31,"column":1}},"14":{"start":{"line":33,"column":34},"end":{"line":35,"column":2}},"15":{"start":{"line":33,"column":49},"end":{"line":35,"column":1}},"16":{"start":{"line":37,"column":42},"end":{"line":41,"column":2}},"17":{"start":{"line":37,"column":96},"end":{"line":41,"column":1}},"18":{"start":{"line":43,"column":39},"end":{"line":46,"column":2}},"19":{"start":{"line":43,"column":67},"end":{"line":46,"column":1}},"20":{"start":{"line":48,"column":26},"end":{"line":51,"column":2}},"21":{"start":{"line":48,"column":59},"end":{"line":51,"column":1}},"22":{"start":{"line":53,"column":36},"end":{"line":59,"column":2}},"23":{"start":{"line":53,"column":99},"end":{"line":59,"column":1}},"24":{"start":{"line":63,"column":34},"end":{"line":73,"column":1}},"25":{"start":{"line":64,"column":2},"end":{"line":72,"column":4}},"26":{"start":{"line":65,"column":4},"end":{"line":65,"column":39}},"27":{"start":{"line":66,"column":4},"end":{"line":71,"column":5}},"28":{"start":{"line":67,"column":20},"end":{"line":67,"column":48}},"29":{"start":{"line":68,"column":6},"end":{"line":68,"column":54}},"30":{"start":{"line":70,"column":6},"end":{"line":70,"column":51}},"31":{"start":{"line":75,"column":30},"end":{"line":100,"column":1}},"32":{"start":{"line":76,"column":2},"end":{"line":99,"column":4}},"33":{"start":{"line":77,"column":35},"end":{"line":77,"column":50}},"34":{"start":{"line":78,"column":4},"end":{"line":98,"column":5}},"35":{"start":{"line":79,"column":6},"end":{"line":79,"column":37}},"36":{"start":{"line":80,"column":6},"end":{"line":89,"column":7}},"37":{"start":{"line":81,"column":22},"end":{"line":81,"column":46}},"38":{"start":{"line":82,"column":31},"end":{"line":82,"column":52}},"39":{"start":{"line":83,"column":31},"end":{"line":83,"column":49}},"40":{"start":{"line":84,"column":24},"end":{"line":84,"column":64}},"41":{"start":{"line":85,"column":25},"end":{"line":85,"column":55}},"42":{"start":{"line":86,"column":8},"end":{"line":86,"column":62}},"43":{"start":{"line":88,"column":8},"end":{"line":88,"column":49}},"44":{"start":{"line":91,"column":23},"end":{"line":91,"column":48}},"45":{"start":{"line":92,"column":29},"end":{"line":92,"column":56}},"46":{"start":{"line":93,"column":31},"end":{"line":93,"column":65}},"47":{"start":{"line":94,"column":29},"end":{"line":94,"column":56}},"48":{"start":{"line":95,"column":22},"end":{"line":95,"column":64}},"49":{"start":{"line":96,"column":23},"end":{"line":96,"column":76}},"50":{"start":{"line":97,"column":6},"end":{"line":97,"column":63}},"51":{"start":{"line":102,"column":35},"end":{"line":116,"column":1}},"52":{"start":{"line":103,"column":2},"end":{"line":107,"column":3}},"53":{"start":{"line":104,"column":4},"end":{"line":106,"column":6}},"54":{"start":{"line":105,"column":6},"end":{"line":105,"column":39}},"55":{"start":{"line":109,"column":2},"end":{"line":115,"column":4}},"56":{"start":{"line":110,"column":4},"end":{"line":110,"column":37}},"57":{"start":{"line":111,"column":52},"end":{"line":111,"column":67}},"58":{"start":{"line":112,"column":21},"end":{"line":112,"column":61}},"59":{"start":{"line":113,"column":17},"end":{"line":113,"column":69}},"60":{"start":{"line":114,"column":4},"end":{"line":114,"column":51}}},"fnMap":{"0":{"name":"(anonymous_0)","decl":{"start":{"line":19,"column":38},"end":{"line":19,"column":39}},"loc":{"start":{"line":19,"column":53},"end":{"line":21,"column":1}},"line":19},"1":{"name":"(anonymous_1)","decl":{"start":{"line":23,"column":46},"end":{"line":23,"column":47}},"loc":{"start":{"line":23,"column":89},"end":{"line":26,"column":1}},"line":23},"2":{"name":"(anonymous_2)","decl":{"start":{"line":28,"column":43},"end":{"line":28,"column":44}},"loc":{"start":{"line":28,"column":71},"end":{"line":31,"column":1}},"line":28},"3":{"name":"(anonymous_3)","decl":{"start":{"line":33,"column":34},"end":{"line":33,"column":35}},"loc":{"start":{"line":33,"column":49},"end":{"line":35,"column":1}},"line":33},"4":{"name":"(anonymous_4)","decl":{"start":{"line":37,"column":42},"end":{"line":37,"column":43}},"loc":{"start":{"line":37,"column":96},"end":{"line":41,"column":1}},"line":37},"5":{"name":"(anonymous_5)","decl":{"start":{"line":43,"column":39},"end":{"line":43,"column":40}},"loc":{"start":{"line":43,"column":67},"end":{"line":46,"column":1}},"line":43},"6":{"name":"(anonymous_6)","decl":{"start":{"line":48,"column":26},"end":{"line":48,"column":27}},"loc":{"start":{"line":48,"column":59},"end":{"line":51,"column":1}},"line":48},"7":{"name":"(anonymous_7)","decl":{"start":{"line":53,"column":36},"end":{"line":53,"column":37}},"loc":{"start":{"line":53,"column":99},"end":{"line":59,"column":1}},"line":53},"8":{"name":"(anonymous_8)","decl":{"start":{"line":63,"column":34},"end":{"line":63,"column":35}},"loc":{"start":{"line":63,"column":40},"end":{"line":73,"column":1}},"line":63},"9":{"name":"(anonymous_9)","decl":{"start":{"line":64,"column":9},"end":{"line":64,"column":10}},"loc":{"start":{"line":64,"column":54},"end":{"line":72,"column":3}},"line":64},"10":{"name":"(anonymous_10)","decl":{"start":{"line":75,"column":30},"end":{"line":75,"column":31}},"loc":{"start":{"line":75,"column":36},"end":{"line":100,"column":1}},"line":75},"11":{"name":"(anonymous_11)","decl":{"start":{"line":76,"column":9},"end":{"line":76,"column":10}},"loc":{"start":{"line":76,"column":74},"end":{"line":99,"column":3}},"line":76},"12":{"name":"(anonymous_12)","decl":{"start":{"line":102,"column":35},"end":{"line":102,"column":36}},"loc":{"start":{"line":102,"column":76},"end":{"line":116,"column":1}},"line":102},"13":{"name":"(anonymous_13)","decl":{"start":{"line":104,"column":11},"end":{"line":104,"column":12}},"loc":{"start":{"line":104,"column":41},"end":{"line":106,"column":5}},"line":104},"14":{"name":"(anonymous_14)","decl":{"start":{"line":109,"column":9},"end":{"line":109,"column":10}},"loc":{"start":{"line":109,"column":59},"end":{"line":115,"column":3}},"line":109}},"branchMap":{"0":{"loc":{"start":{"line":78,"column":4},"end":{"line":98,"column":5}},"type":"if","locations":[{"start":{"line":78,"column":4},"end":{"line":98,"column":5}},{"start":{"line":78,"column":4},"end":{"line":98,"column":5}}],"line":78},"1":{"loc":{"start":{"line":103,"column":2},"end":{"line":107,"column":3}},"type":"if","locations":[{"start":{"line":103,"column":2},"end":{"line":107,"column":3}},{"start":{"line":103,"column":2},"end":{"line":107,"column":3}}],"line":103}},"s":{"0":2,"1":2,"2":2,"3":2,"4":2,"5":2,"6":2,"7":2,"8":2,"9":2,"10":2,"11":1,"12":2,"13":1,"14":2,"15":2,"16":2,"17":1,"18":2,"19":1,"20":2,"21":1,"22":2,"23":1,"24":2,"25":1,"26":1,"27":1,"28":1,"29":0,"30":0,"31":2,"32":1,"33":1,"34":1,"35":1,"36":1,"37":1,"38":0,"39":0,"40":0,"41":0,"42":0,"43":0,"44":0,"45":0,"46":0,"47":0,"48":0,"49":0,"50":0,"51":2,"52":0,"53":0,"54":0,"55":0,"56":0,"57":0,"58":0,"59":0,"60":0},"f":{"0":2,"1":1,"2":1,"3":2,"4":1,"5":1,"6":1,"7":1,"8":1,"9":1,"10":1,"11":1,"12":0,"13":0,"14":0},"b":{"0":[1,0],"1":[0,0]},"_coverageSchema":"43e27e138ebf9cfc5966b082cf9a028302ed4184","hash":"4af0796e29a138c2e1c0244c3cd452edbbc5643f"}
,"/Users/mingloanchan/Documents/github/RNStore/src/redux/reducers/rootReducer.js": {"path":"/Users/mingloanchan/Documents/github/RNStore/src/redux/reducers/rootReducer.js","statementMap":{"0":{"start":{"line":16,"column":22},"end":{"line":25,"column":1}},"1":{"start":{"line":27,"column":20},"end":{"line":61,"column":1}},"2":{"start":{"line":28,"column":2},"end":{"line":60,"column":3}},"3":{"start":{"line":30,"column":6},"end":{"line":30,"column":55}},"4":{"start":{"line":32,"column":6},"end":{"line":32,"column":93}},"5":{"start":{"line":34,"column":6},"end":{"line":34,"column":77}},"6":{"start":{"line":36,"column":6},"end":{"line":36,"column":51}},"7":{"start":{"line":38,"column":6},"end":{"line":43,"column":8}},"8":{"start":{"line":45,"column":6},"end":{"line":45,"column":69}},"9":{"start":{"line":47,"column":6},"end":{"line":52,"column":8}},"10":{"start":{"line":54,"column":26},"end":{"line":54,"column":32}},"11":{"start":{"line":55,"column":33},"end":{"line":55,"column":40}},"12":{"start":{"line":56,"column":6},"end":{"line":56,"column":92}},"13":{"start":{"line":59,"column":6},"end":{"line":59,"column":19}},"14":{"start":{"line":63,"column":20},"end":{"line":65,"column":2}}},"fnMap":{"0":{"name":"(anonymous_0)","decl":{"start":{"line":27,"column":20},"end":{"line":27,"column":21}},"loc":{"start":{"line":27,"column":77},"end":{"line":61,"column":1}},"line":27}},"branchMap":{"0":{"loc":{"start":{"line":27,"column":21},"end":{"line":27,"column":49}},"type":"default-arg","locations":[{"start":{"line":27,"column":36},"end":{"line":27,"column":49}}],"line":27},"1":{"loc":{"start":{"line":28,"column":2},"end":{"line":60,"column":3}},"type":"switch","locations":[{"start":{"line":29,"column":4},"end":{"line":30,"column":55}},{"start":{"line":31,"column":4},"end":{"line":32,"column":93}},{"start":{"line":33,"column":4},"end":{"line":34,"column":77}},{"start":{"line":35,"column":4},"end":{"line":36,"column":51}},{"start":{"line":37,"column":4},"end":{"line":43,"column":8}},{"start":{"line":44,"column":4},"end":{"line":45,"column":69}},{"start":{"line":46,"column":4},"end":{"line":52,"column":8}},{"start":{"line":53,"column":4},"end":{"line":57,"column":5}},{"start":{"line":58,"column":4},"end":{"line":59,"column":19}}],"line":28}},"s":{"0":1,"1":1,"2":5,"3":1,"4":0,"5":0,"6":1,"7":0,"8":0,"9":0,"10":0,"11":0,"12":0,"13":3,"14":1},"f":{"0":5},"b":{"0":[3],"1":[1,0,0,1,0,0,0,0,3]},"_coverageSchema":"43e27e138ebf9cfc5966b082cf9a028302ed4184","hash":"1e4770d7ea3e1f91300e93326d323ce544ad38dd"}
,"/Users/mingloanchan/Documents/github/RNStore/src/redux/stores/configureStore.js": {"path":"/Users/mingloanchan/Documents/github/RNStore/src/redux/stores/configureStore.js","statementMap":{"0":{"start":{"line":9,"column":25},"end":{"line":9,"column":39}},"1":{"start":{"line":11,"column":23},"end":{"line":17,"column":1}},"2":{"start":{"line":12,"column":2},"end":{"line":16,"column":4}}},"fnMap":{"0":{"name":"(anonymous_0)","decl":{"start":{"line":11,"column":23},"end":{"line":11,"column":24}},"loc":{"start":{"line":11,"column":57},"end":{"line":17,"column":1}},"line":11}},"branchMap":{},"s":{"0":1,"1":1,"2":1},"f":{"0":1},"b":{},"_coverageSchema":"43e27e138ebf9cfc5966b082cf9a028302ed4184","hash":"af6fcdd4d2d2acb99a77f6c8a362b31a7174f499"}
}
