TN:
SF:/Users/mingloanchan/Documents/github/RNStore/src/apis/api.js
FN:18,(anonymous_0)
FN:24,(anonymous_1)
FN:31,(anonymous_2)
FN:37,(anonymous_3)
FN:44,(anonymous_4)
FN:59,(anonymous_5)
FN:62,(anonymous_6)
FNF:7
FNH:2
FNDA:1,(anonymous_0)
FNDA:0,(anonymous_1)
FNDA:1,(anonymous_2)
FNDA:0,(anonymous_3)
FNDA:0,(anonymous_4)
FNDA:0,(anonymous_5)
FNDA:0,(anonymous_6)
DA:7,2
DA:8,2
DA:9,2
DA:18,2
DA:19,1
DA:20,1
DA:21,0
DA:22,0
DA:23,0
DA:24,0
DA:25,0
DA:27,1
DA:31,2
DA:32,1
DA:33,1
DA:34,0
DA:35,0
DA:36,0
DA:37,0
DA:38,0
DA:40,1
DA:44,2
DA:45,0
DA:46,0
DA:47,0
DA:48,0
DA:49,0
DA:50,0
DA:55,0
DA:59,2
DA:60,0
DA:63,0
DA:64,0
LF:33
LH:13
BRDA:51,0,0,0
BRDA:51,0,1,0
BRDA:52,1,0,0
BRDA:52,1,1,0
BRF:4
BRH:0
end_of_record
TN:
SF:/Users/mingloanchan/Documents/github/RNStore/src/components/AppActivityIndicator.component.js
FN:7,(anonymous_0)
FNF:1
FNH:1
FNDA:3,(anonymous_0)
DA:7,1
DA:8,3
LF:2
LH:2
BRF:0
BRH:0
end_of_record
TN:
SF:/Users/mingloanchan/Documents/github/RNStore/src/components/AppItem.component.js
FN:14,(anonymous_0)
FN:15,(anonymous_1)
FNF:2
FNH:0
FNDA:0,(anonymous_0)
FNDA:0,(anonymous_1)
DA:14,1
DA:15,0
LF:2
LH:1
BRDA:18,0,0,0
BRDA:18,0,1,0
BRF:2
BRH:0
end_of_record
TN:
SF:/Users/mingloanchan/Documents/github/RNStore/src/components/EmptyView.component.js
FN:7,(anonymous_0)
FNF:1
FNH:0
FNDA:0,(anonymous_0)
DA:7,1
DA:8,0
LF:2
LH:1
BRF:0
BRH:0
end_of_record
TN:
SF:/Users/mingloanchan/Documents/github/RNStore/src/components/InfiniteList.component.js
FN:16,(anonymous_0)
FN:20,(anonymous_1)
FN:24,(anonymous_2)
FN:34,(anonymous_3)
FNF:4
FNH:3
FNDA:4,(anonymous_0)
FNDA:0,(anonymous_1)
FNDA:2,(anonymous_2)
FNDA:4,(anonymous_3)
DA:16,1
DA:17,4
DA:20,1
DA:21,0
DA:24,1
DA:25,2
DA:34,4
LF:7
LH:6
BRF:0
BRH:0
end_of_record
TN:
SF:/Users/mingloanchan/Documents/github/RNStore/src/components/RecommendAppItem.component.js
FN:12,(anonymous_0)
FN:13,(anonymous_1)
FNF:2
FNH:0
FNDA:0,(anonymous_0)
FNDA:0,(anonymous_1)
DA:12,1
DA:13,0
LF:2
LH:1
BRF:0
BRH:0
end_of_record
TN:
SF:/Users/mingloanchan/Documents/github/RNStore/src/components/RecommendList.component.js
FN:15,(anonymous_0)
FN:26,(anonymous_1)
FNF:2
FNH:1
FNDA:2,(anonymous_0)
FNDA:0,(anonymous_1)
DA:15,1
DA:16,2
DA:26,0
LF:3
LH:2
BRDA:18,0,0,1
BRDA:18,0,1,1
BRF:2
BRH:2
end_of_record
TN:
SF:/Users/mingloanchan/Documents/github/RNStore/src/components/SearchContext.component.js
FN:28,(anonymous_0)
FN:34,(anonymous_1)
FNF:2
FNH:1
FNDA:0,(anonymous_0)
FNDA:2,(anonymous_1)
DA:29,0
DA:30,0
DA:31,0
DA:35,2
DA:36,2
DA:37,2
LF:6
LH:3
BRF:0
BRH:0
end_of_record
TN:
SF:/Users/mingloanchan/Documents/github/RNStore/src/containers/AppLandingScreen.js
FN:24,(anonymous_0)
FN:29,(anonymous_1)
FN:40,(anonymous_2)
FN:49,(anonymous_3)
FN:55,(anonymous_4)
FN:61,(anonymous_5)
FN:63,(anonymous_6)
FN:67,(anonymous_7)
FN:76,(anonymous_8)
FN:87,(anonymous_9)
FN:136,(anonymous_10)
FN:141,(anonymous_11)
FNF:12
FNH:8
FNDA:1,(anonymous_0)
FNDA:0,(anonymous_1)
FNDA:0,(anonymous_2)
FNDA:1,(anonymous_3)
FNDA:1,(anonymous_4)
FNDA:0,(anonymous_5)
FNDA:0,(anonymous_6)
FNDA:4,(anonymous_7)
FNDA:2,(anonymous_8)
FNDA:2,(anonymous_9)
FNDA:2,(anonymous_10)
FNDA:1,(anonymous_11)
DA:25,1
DA:26,1
DA:30,0
DA:31,0
DA:32,0
DA:33,0
DA:34,0
DA:35,0
DA:41,0
DA:42,0
DA:43,0
DA:50,1
DA:51,1
DA:52,1
DA:56,1
DA:57,1
DA:58,1
DA:61,0
DA:64,0
DA:68,4
DA:69,4
DA:70,4
DA:71,2
DA:73,2
DA:77,2
DA:86,2
DA:87,2
DA:88,2
DA:94,2
DA:96,2
DA:102,2
DA:107,2
DA:108,2
DA:111,2
DA:113,2
DA:116,2
DA:119,2
DA:136,1
DA:137,2
DA:138,2
DA:141,1
DA:142,1
LF:42
LH:31
BRDA:32,0,0,0
BRDA:32,0,1,0
BRDA:32,1,0,0
BRDA:32,1,1,0
BRDA:70,2,0,2
BRDA:70,2,1,2
BRDA:70,3,0,4
BRDA:70,3,1,4
BRDA:70,3,2,2
BRDA:90,4,0,0
BRDA:90,4,1,2
BRDA:105,5,0,0
BRDA:105,5,1,2
BRDA:108,6,0,0
BRDA:108,6,1,2
BRDA:108,7,0,2
BRDA:108,7,1,0
BRDA:113,8,0,0
BRDA:113,8,1,2
BRDA:113,9,0,2
BRDA:113,9,1,0
BRDA:121,10,0,0
BRDA:121,10,1,2
BRF:23
BRH:12
end_of_record
TN:
SF:/Users/mingloanchan/Documents/github/RNStore/src/dataModels/appModel.js
FN:5,(anonymous_0)
FN:22,(anonymous_1)
FN:23,(anonymous_2)
FNF:3
FNH:0
FNDA:0,(anonymous_0)
FNDA:0,(anonymous_1)
FNDA:0,(anonymous_2)
DA:5,2
DA:6,0
DA:19,0
DA:22,2
DA:23,0
DA:24,0
DA:31,0
LF:7
LH:2
BRDA:25,0,0,0
BRDA:25,0,1,0
BRDA:25,0,2,0
BRDA:25,0,3,0
BRF:4
BRH:0
end_of_record
TN:
SF:/Users/mingloanchan/Documents/github/RNStore/src/redux/actions/appActions.js
FN:19,(anonymous_0)
FN:23,(anonymous_1)
FN:28,(anonymous_2)
FN:33,(anonymous_3)
FN:37,(anonymous_4)
FN:43,(anonymous_5)
FN:48,(anonymous_6)
FN:53,(anonymous_7)
FN:63,(anonymous_8)
FN:64,(anonymous_9)
FN:75,(anonymous_10)
FN:76,(anonymous_11)
FN:102,(anonymous_12)
FN:104,(anonymous_13)
FN:109,(anonymous_14)
FNF:15
FNH:12
FNDA:2,(anonymous_0)
FNDA:1,(anonymous_1)
FNDA:1,(anonymous_2)
FNDA:2,(anonymous_3)
FNDA:1,(anonymous_4)
FNDA:1,(anonymous_5)
FNDA:1,(anonymous_6)
FNDA:1,(anonymous_7)
FNDA:1,(anonymous_8)
FNDA:1,(anonymous_9)
FNDA:1,(anonymous_10)
FNDA:1,(anonymous_11)
FNDA:0,(anonymous_12)
FNDA:0,(anonymous_13)
FNDA:0,(anonymous_14)
DA:7,2
DA:8,2
DA:9,2
DA:10,2
DA:11,2
DA:12,2
DA:13,2
DA:14,2
DA:19,2
DA:23,2
DA:28,2
DA:33,2
DA:37,2
DA:43,2
DA:48,2
DA:53,2
DA:63,2
DA:64,1
DA:65,1
DA:66,1
DA:67,1
DA:68,0
DA:70,0
DA:75,2
DA:76,1
DA:77,1
DA:78,1
DA:79,1
DA:80,1
DA:81,1
DA:82,0
DA:83,0
DA:84,0
DA:85,0
DA:86,0
DA:88,0
DA:91,0
DA:92,0
DA:93,0
DA:94,0
DA:95,0
DA:96,0
DA:97,0
DA:102,2
DA:103,0
DA:104,0
DA:105,0
DA:109,0
DA:110,0
DA:111,0
DA:112,0
DA:113,0
DA:114,0
LF:53
LH:29
BRDA:78,0,0,1
BRDA:78,0,1,0
BRDA:103,1,0,0
BRDA:103,1,1,0
BRF:4
BRH:1
end_of_record
TN:
SF:/Users/mingloanchan/Documents/github/RNStore/src/redux/reducers/rootReducer.js
FN:27,(anonymous_0)
FNF:1
FNH:1
FNDA:5,(anonymous_0)
DA:16,1
DA:27,1
DA:28,5
DA:30,1
DA:32,0
DA:34,0
DA:36,1
DA:38,0
DA:45,0
DA:47,0
DA:54,0
DA:55,0
DA:56,0
DA:59,3
DA:63,1
LF:15
LH:7
BRDA:27,0,0,3
BRDA:28,1,0,1
BRDA:28,1,1,0
BRDA:28,1,2,0
BRDA:28,1,3,1
BRDA:28,1,4,0
BRDA:28,1,5,0
BRDA:28,1,6,0
BRDA:28,1,7,0
BRDA:28,1,8,3
BRF:10
BRH:4
end_of_record
TN:
SF:/Users/mingloanchan/Documents/github/RNStore/src/redux/stores/configureStore.js
FN:11,(anonymous_0)
FNF:1
FNH:1
FNDA:1,(anonymous_0)
DA:9,1
DA:11,1
DA:12,1
LF:3
LH:3
BRF:0
BRH:0
end_of_record
